<?xml version="1.0" encoding="UTF-8"?>
<testsuite name="New user registration" tests="1" skipped="0" failures="0" errors="0" timestamp="2023-08-13T19:01:12" hostname="DESKTOP-4HVOAH4" time="73.202">
  <properties/>
  <testcase name="Successful registration" classname="New user registration" time="73.202"/>
  <system-out><![CDATA[An email with instructions has been sent to:
bijar38744@weishu8.com
]]></system-out>
  <system-err><![CDATA[[Test worker] WARN net.thucydides.core.steps.BaseStepListener - stepStarted: net.thucydides.core.steps.ExecutedStepDescription@5a1b527c
[Test worker] WARN net.thucydides.core.steps.BaseStepListener - stepStarted: net.thucydides.core.steps.ExecutedStepDescription@387d084e
[Test worker] WARN net.thucydides.core.steps.BaseStepListener - stepStarted: net.thucydides.core.steps.ExecutedStepDescription@5039c0b
ago 13, 2023 2:01:13 PM org.openqa.selenium.remote.DesiredCapabilities chrome
INFORMACIÓN: Using `new ChromeOptions()` is preferred to `DesiredCapabilities.chrome()`
[Test worker] INFO net.serenitybdd.core.webdriver.driverproviders.ProvideNewDriver - Instantiating driver
[Test worker] INFO net.serenitybdd.core.webdriver.driverproviders.ProvideNewDriver - Driver capabilities: Capabilities {acceptInsecureCerts: false, browserName: chrome, chrome.switches: --start-maximized, --incogn..., goog:chromeOptions: {args: [--start-maximized, --incognito, --ignore-certificate-errors], extensions: []}, loggingPrefs: org.openqa.selenium.logging..., platform: ANY, version: }
Starting ChromeDriver 115.0.5790.170 (cc0d30c2ca5577520c8646671513241faa0bc105-refs/branch-heads/5790@{#1923}) on port 43993
Only local connections are allowed.
Please see https://chromedriver.chromium.org/security-considerations for suggestions on keeping ChromeDriver safe.
ChromeDriver was started successfully.
ago 13, 2023 2:01:20 PM org.openqa.selenium.remote.ProtocolHandshake createSession
INFORMACIÓN: Detected dialect: W3C
[Test worker] WARN net.thucydides.core.steps.BaseStepListener - stepFinished: current outcome:Successful registration:Given that the user navigates to the registration page [Estefania open up [Estefania opens the Utest page]]
[Test worker] WARN net.thucydides.core.steps.BaseStepListener - stepFinished: current outcome:Successful registration:Given that the user navigates to the registration page [Estefania open up [Estefania opens the Utest page]]
[Test worker] WARN net.thucydides.core.steps.BaseStepListener - stepStarted: net.thucydides.core.steps.ExecutedStepDescription@659d3e05
[Test worker] WARN net.thucydides.core.steps.BaseStepListener - stepStarted: net.thucydides.core.steps.ExecutedStepDescription@5314517f
[Test worker] WARN net.thucydides.core.steps.BaseStepListener - stepFinished: current outcome:Successful registration:Given that the user navigates to the registration page [Estefania open up [Estefania opens the Utest page], Estefania register [Estefania clicks on button showing registration form]]
[Test worker] WARN net.thucydides.core.steps.BaseStepListener - stepFinished: current outcome:Successful registration:Given that the user navigates to the registration page [Estefania open up [Estefania opens the Utest page], Estefania register [Estefania clicks on button showing registration form]]
[Test worker] WARN net.thucydides.core.steps.BaseStepListener - stepFinished: current outcome:Successful registration:Given that the user navigates to the registration page [Estefania open up [Estefania opens the Utest page], Estefania register [Estefania clicks on button showing registration form]]
[Test worker] WARN net.thucydides.core.steps.BaseStepListener - stepStarted: net.thucydides.core.steps.ExecutedStepDescription@4d994f5c
[Test worker] WARN net.thucydides.core.steps.BaseStepListener - stepStarted: net.thucydides.core.steps.ExecutedStepDescription@6a982413
[Test worker] WARN net.thucydides.core.steps.BaseStepListener - stepStarted: net.thucydides.core.steps.ExecutedStepDescription@11f6e6cf
[Test worker] WARN net.thucydides.core.steps.BaseStepListener - stepFinished: current outcome:Successful registration:Given that the user navigates to the registration page [Estefania open up [Estefania opens the Utest page], Estefania register [Estefania clicks on button showing registration form]], When enters his personal data [Estefania complete [Estefania enters 'estefania' into set name]]
[Test worker] WARN net.thucydides.core.steps.BaseStepListener - stepStarted: net.thucydides.core.steps.ExecutedStepDescription@6fba3925
[Test worker] WARN net.thucydides.core.steps.BaseStepListener - stepFinished: current outcome:Successful registration:Given that the user navigates to the registration page [Estefania open up [Estefania opens the Utest page], Estefania register [Estefania clicks on button showing registration form]], When enters his personal data [Estefania complete [Estefania enters 'estefania' into set name, Estefania enters 'henao' into set lastname]]
[Test worker] WARN net.thucydides.core.steps.BaseStepListener - stepStarted: net.thucydides.core.steps.ExecutedStepDescription@59cccb05
[Test worker] WARN net.thucydides.core.steps.BaseStepListener - stepFinished: current outcome:Successful registration:Given that the user navigates to the registration page [Estefania open up [Estefania opens the Utest page], Estefania register [Estefania clicks on button showing registration form]], When enters his personal data [Estefania complete [Estefania enters 'estefania' into set name, Estefania enters 'henao' into set lastname, Estefania enters 'bijar38744@weishu8.com

' into set email]]
[Test worker] WARN net.thucydides.core.steps.BaseStepListener - stepStarted: net.thucydides.core.steps.ExecutedStepDescription@163d5499
[Test worker] WARN net.thucydides.core.steps.BaseStepListener - stepFinished: current outcome:Successful registration:Given that the user navigates to the registration page [Estefania open up [Estefania opens the Utest page], Estefania register [Estefania clicks on button showing registration form]], When enters his personal data [Estefania complete [Estefania enters 'estefania' into set name, Estefania enters 'henao' into set lastname, Estefania enters 'bijar38744@weishu8.com

' into set email, Estefania clicks on click to the list month]]
[Test worker] WARN net.thucydides.core.steps.BaseStepListener - stepStarted: net.thucydides.core.steps.ExecutedStepDescription@2e2e85c2
[Test worker] WARN net.thucydides.core.steps.BaseStepListener - stepFinished: current outcome:Successful registration:Given that the user navigates to the registration page [Estefania open up [Estefania opens the Utest page], Estefania register [Estefania clicks on button showing registration form]], When enters his personal data [Estefania complete [Estefania enters 'estefania' into set name, Estefania enters 'henao' into set lastname, Estefania enters 'bijar38744@weishu8.com

' into set email, Estefania clicks on click to the list month, Estefania clicks on set birthMonth]]
[Test worker] WARN net.thucydides.core.steps.BaseStepListener - stepStarted: net.thucydides.core.steps.ExecutedStepDescription@22c98c99
[Test worker] WARN net.thucydides.core.steps.BaseStepListener - stepFinished: current outcome:Successful registration:Given that the user navigates to the registration page [Estefania open up [Estefania opens the Utest page], Estefania register [Estefania clicks on button showing registration form]], When enters his personal data [Estefania complete [Estefania enters 'estefania' into set name, Estefania enters 'henao' into set lastname, Estefania enters 'bijar38744@weishu8.com

' into set email, Estefania clicks on click to the list month, Estefania clicks on set birthMonth, Estefania clicks on click to the list day]]
[Test worker] WARN net.thucydides.core.steps.BaseStepListener - stepStarted: net.thucydides.core.steps.ExecutedStepDescription@30af653d
[Test worker] WARN net.thucydides.core.steps.BaseStepListener - stepFinished: current outcome:Successful registration:Given that the user navigates to the registration page [Estefania open up [Estefania opens the Utest page], Estefania register [Estefania clicks on button showing registration form]], When enters his personal data [Estefania complete [Estefania enters 'estefania' into set name, Estefania enters 'henao' into set lastname, Estefania enters 'bijar38744@weishu8.com

' into set email, Estefania clicks on click to the list month, Estefania clicks on set birthMonth, Estefania clicks on click to the list day, Estefania clicks on set birthday]]
[Test worker] WARN net.thucydides.core.steps.BaseStepListener - stepStarted: net.thucydides.core.steps.ExecutedStepDescription@7f1d7286
[Test worker] WARN net.thucydides.core.steps.BaseStepListener - stepFinished: current outcome:Successful registration:Given that the user navigates to the registration page [Estefania open up [Estefania opens the Utest page], Estefania register [Estefania clicks on button showing registration form]], When enters his personal data [Estefania complete [Estefania enters 'estefania' into set name, Estefania enters 'henao' into set lastname, Estefania enters 'bijar38744@weishu8.com

' into set email, Estefania clicks on click to the list month, Estefania clicks on set birthMonth, Estefania clicks on click to the list day, Estefania clicks on set birthday, Estefania clicks on click to the list year]]
[Test worker] WARN net.thucydides.core.steps.BaseStepListener - stepStarted: net.thucydides.core.steps.ExecutedStepDescription@2480a1c9
[Test worker] WARN net.thucydides.core.steps.BaseStepListener - stepFinished: current outcome:Successful registration:Given that the user navigates to the registration page [Estefania open up [Estefania opens the Utest page], Estefania register [Estefania clicks on button showing registration form]], When enters his personal data [Estefania complete [Estefania enters 'estefania' into set name, Estefania enters 'henao' into set lastname, Estefania enters 'bijar38744@weishu8.com

' into set email, Estefania clicks on click to the list month, Estefania clicks on set birthMonth, Estefania clicks on click to the list day, Estefania clicks on set birthday, Estefania clicks on click to the list year, Estefania clicks on set birthyear]]
[Test worker] WARN net.thucydides.core.steps.BaseStepListener - stepStarted: net.thucydides.core.steps.ExecutedStepDescription@536d12a6
[Test worker] WARN net.thucydides.core.steps.BaseStepListener - stepFinished: current outcome:Successful registration:Given that the user navigates to the registration page [Estefania open up [Estefania opens the Utest page], Estefania register [Estefania clicks on button showing registration form]], When enters his personal data [Estefania complete [Estefania enters 'estefania' into set name, Estefania enters 'henao' into set lastname, Estefania enters 'bijar38744@weishu8.com

' into set email, Estefania clicks on click to the list month, Estefania clicks on set birthMonth, Estefania clicks on click to the list day, Estefania clicks on set birthday, Estefania clicks on click to the list year, Estefania clicks on set birthyear, Estefania enters 'croata' into set languages]]
[Test worker] WARN net.thucydides.core.steps.BaseStepListener - stepStarted: net.thucydides.core.steps.ExecutedStepDescription@37257ce5
[Test worker] WARN net.thucydides.core.steps.BaseStepListener - stepFinished: current outcome:Successful registration:Given that the user navigates to the registration page [Estefania open up [Estefania opens the Utest page], Estefania register [Estefania clicks on button showing registration form]], When enters his personal data [Estefania complete [Estefania enters 'estefania' into set name, Estefania enters 'henao' into set lastname, Estefania enters 'bijar38744@weishu8.com

' into set email, Estefania clicks on click to the list month, Estefania clicks on set birthMonth, Estefania clicks on click to the list day, Estefania clicks on set birthday, Estefania clicks on click to the list year, Estefania clicks on set birthyear, Estefania enters 'croata' into set languages, Estefania clicks on click boton for more information]]
[Test worker] WARN net.thucydides.core.steps.BaseStepListener - stepStarted: net.thucydides.core.steps.ExecutedStepDescription@5128f851
[Test worker] WARN net.thucydides.core.steps.BaseStepListener - stepFinished: current outcome:Successful registration:Given that the user navigates to the registration page [Estefania open up [Estefania opens the Utest page], Estefania register [Estefania clicks on button showing registration form]], When enters his personal data [Estefania complete [Estefania enters 'estefania' into set name, Estefania enters 'henao' into set lastname, Estefania enters 'bijar38744@weishu8.com

' into set email, Estefania clicks on click to the list month, Estefania clicks on set birthMonth, Estefania clicks on click to the list day, Estefania clicks on set birthday, Estefania clicks on click to the list year, Estefania clicks on set birthyear, Estefania enters 'croata' into set languages, Estefania clicks on click boton for more information, Estefania enters 'Sabaneta' into set city]]
[Test worker] WARN net.thucydides.core.steps.BaseStepListener - stepStarted: net.thucydides.core.steps.ExecutedStepDescription@a938767
[Test worker] WARN net.thucydides.core.steps.BaseStepListener - stepFinished: current outcome:Successful registration:Given that the user navigates to the registration page [Estefania open up [Estefania opens the Utest page], Estefania register [Estefania clicks on button showing registration form]], When enters his personal data [Estefania complete [Estefania enters 'estefania' into set name, Estefania enters 'henao' into set lastname, Estefania enters 'bijar38744@weishu8.com

' into set email, Estefania clicks on click to the list month, Estefania clicks on set birthMonth, Estefania clicks on click to the list day, Estefania clicks on set birthday, Estefania clicks on click to the list year, Estefania clicks on set birthyear, Estefania enters 'croata' into set languages, Estefania clicks on click boton for more information, Estefania enters 'Sabaneta' into set city, Estefania enters '055450' into set zip]]
[Test worker] WARN net.thucydides.core.steps.BaseStepListener - stepStarted: net.thucydides.core.steps.ExecutedStepDescription@34c4d876
[Test worker] WARN net.thucydides.core.steps.BaseStepListener - stepFinished: current outcome:Successful registration:Given that the user navigates to the registration page [Estefania open up [Estefania opens the Utest page], Estefania register [Estefania clicks on button showing registration form]], When enters his personal data [Estefania complete [Estefania enters 'estefania' into set name, Estefania enters 'henao' into set lastname, Estefania enters 'bijar38744@weishu8.com

' into set email, Estefania clicks on click to the list month, Estefania clicks on set birthMonth, Estefania clicks on click to the list day, Estefania clicks on set birthday, Estefania clicks on click to the list year, Estefania clicks on set birthyear, Estefania enters 'croata' into set languages, Estefania clicks on click boton for more information, Estefania enters 'Sabaneta' into set city, Estefania enters '055450' into set zip, Estefania clicks on click to the list country]]
[Test worker] WARN net.thucydides.core.steps.BaseStepListener - stepStarted: net.thucydides.core.steps.ExecutedStepDescription@6cfbd401
[Test worker] WARN net.thucydides.core.steps.BaseStepListener - stepFinished: current outcome:Successful registration:Given that the user navigates to the registration page [Estefania open up [Estefania opens the Utest page], Estefania register [Estefania clicks on button showing registration form]], When enters his personal data [Estefania complete [Estefania enters 'estefania' into set name, Estefania enters 'henao' into set lastname, Estefania enters 'bijar38744@weishu8.com

' into set email, Estefania clicks on click to the list month, Estefania clicks on set birthMonth, Estefania clicks on click to the list day, Estefania clicks on set birthday, Estefania clicks on click to the list year, Estefania clicks on set birthyear, Estefania enters 'croata' into set languages, Estefania clicks on click boton for more information, Estefania enters 'Sabaneta' into set city, Estefania enters '055450' into set zip, Estefania clicks on click to the list country, Estefania clicks on set country]]
[Test worker] WARN net.thucydides.core.steps.BaseStepListener - stepStarted: net.thucydides.core.steps.ExecutedStepDescription@5c87fa83
[Test worker] WARN net.thucydides.core.steps.BaseStepListener - stepFinished: current outcome:Successful registration:Given that the user navigates to the registration page [Estefania open up [Estefania opens the Utest page], Estefania register [Estefania clicks on button showing registration form]], When enters his personal data [Estefania complete [Estefania enters 'estefania' into set name, Estefania enters 'henao' into set lastname, Estefania enters 'bijar38744@weishu8.com

' into set email, Estefania clicks on click to the list month, Estefania clicks on set birthMonth, Estefania clicks on click to the list day, Estefania clicks on set birthday, Estefania clicks on click to the list year, Estefania clicks on set birthyear, Estefania enters 'croata' into set languages, Estefania clicks on click boton for more information, Estefania enters 'Sabaneta' into set city, Estefania enters '055450' into set zip, Estefania clicks on click to the list country, Estefania clicks on set country, Estefania clicks on click boton for more information- devices]]
[Test worker] WARN net.thucydides.core.steps.BaseStepListener - stepStarted: net.thucydides.core.steps.ExecutedStepDescription@52aa2976
[Test worker] WARN net.thucydides.core.steps.BaseStepListener - stepFinished: current outcome:Successful registration:Given that the user navigates to the registration page [Estefania open up [Estefania opens the Utest page], Estefania register [Estefania clicks on button showing registration form]], When enters his personal data [Estefania complete [Estefania enters 'estefania' into set name, Estefania enters 'henao' into set lastname, Estefania enters 'bijar38744@weishu8.com

' into set email, Estefania clicks on click to the list month, Estefania clicks on set birthMonth, Estefania clicks on click to the list day, Estefania clicks on set birthday, Estefania clicks on click to the list year, Estefania clicks on set birthyear, Estefania enters 'croata' into set languages, Estefania clicks on click boton for more information, Estefania enters 'Sabaneta' into set city, Estefania enters '055450' into set zip, Estefania clicks on click to the list country, Estefania clicks on set country, Estefania clicks on click boton for more information- devices, Estefania clicks on click to the list computers]]
[Test worker] WARN net.thucydides.core.steps.BaseStepListener - stepStarted: net.thucydides.core.steps.ExecutedStepDescription@2c2c0a66
[Test worker] WARN net.thucydides.core.steps.BaseStepListener - stepFinished: current outcome:Successful registration:Given that the user navigates to the registration page [Estefania open up [Estefania opens the Utest page], Estefania register [Estefania clicks on button showing registration form]], When enters his personal data [Estefania complete [Estefania enters 'estefania' into set name, Estefania enters 'henao' into set lastname, Estefania enters 'bijar38744@weishu8.com

' into set email, Estefania clicks on click to the list month, Estefania clicks on set birthMonth, Estefania clicks on click to the list day, Estefania clicks on set birthday, Estefania clicks on click to the list year, Estefania clicks on set birthyear, Estefania enters 'croata' into set languages, Estefania clicks on click boton for more information, Estefania enters 'Sabaneta' into set city, Estefania enters '055450' into set zip, Estefania clicks on click to the list country, Estefania clicks on set country, Estefania clicks on click boton for more information- devices, Estefania clicks on click to the list computers, Estefania clicks on set computer]]
[Test worker] WARN net.thucydides.core.steps.BaseStepListener - stepStarted: net.thucydides.core.steps.ExecutedStepDescription@5a9c19a1
[Test worker] WARN net.thucydides.core.steps.BaseStepListener - stepFinished: current outcome:Successful registration:Given that the user navigates to the registration page [Estefania open up [Estefania opens the Utest page], Estefania register [Estefania clicks on button showing registration form]], When enters his personal data [Estefania complete [Estefania enters 'estefania' into set name, Estefania enters 'henao' into set lastname, Estefania enters 'bijar38744@weishu8.com

' into set email, Estefania clicks on click to the list month, Estefania clicks on set birthMonth, Estefania clicks on click to the list day, Estefania clicks on set birthday, Estefania clicks on click to the list year, Estefania clicks on set birthyear, Estefania enters 'croata' into set languages, Estefania clicks on click boton for more information, Estefania enters 'Sabaneta' into set city, Estefania enters '055450' into set zip, Estefania clicks on click to the list country, Estefania clicks on set country, Estefania clicks on click boton for more information- devices, Estefania clicks on click to the list computers, Estefania clicks on set computer, Estefania clicks on click to the list version]]
[Test worker] WARN net.thucydides.core.steps.BaseStepListener - stepStarted: net.thucydides.core.steps.ExecutedStepDescription@72cf1a64
[Test worker] WARN net.thucydides.core.steps.BaseStepListener - stepFinished: current outcome:Successful registration:Given that the user navigates to the registration page [Estefania open up [Estefania opens the Utest page], Estefania register [Estefania clicks on button showing registration form]], When enters his personal data [Estefania complete [Estefania enters 'estefania' into set name, Estefania enters 'henao' into set lastname, Estefania enters 'bijar38744@weishu8.com

' into set email, Estefania clicks on click to the list month, Estefania clicks on set birthMonth, Estefania clicks on click to the list day, Estefania clicks on set birthday, Estefania clicks on click to the list year, Estefania clicks on set birthyear, Estefania enters 'croata' into set languages, Estefania clicks on click boton for more information, Estefania enters 'Sabaneta' into set city, Estefania enters '055450' into set zip, Estefania clicks on click to the list country, Estefania clicks on set country, Estefania clicks on click boton for more information- devices, Estefania clicks on click to the list computers, Estefania clicks on set computer, Estefania clicks on click to the list version, Estefania clicks on set version]]
[Test worker] WARN net.thucydides.core.steps.BaseStepListener - stepStarted: net.thucydides.core.steps.ExecutedStepDescription@1810701b
[Test worker] WARN net.thucydides.core.steps.BaseStepListener - stepFinished: current outcome:Successful registration:Given that the user navigates to the registration page [Estefania open up [Estefania opens the Utest page], Estefania register [Estefania clicks on button showing registration form]], When enters his personal data [Estefania complete [Estefania enters 'estefania' into set name, Estefania enters 'henao' into set lastname, Estefania enters 'bijar38744@weishu8.com

' into set email, Estefania clicks on click to the list month, Estefania clicks on set birthMonth, Estefania clicks on click to the list day, Estefania clicks on set birthday, Estefania clicks on click to the list year, Estefania clicks on set birthyear, Estefania enters 'croata' into set languages, Estefania clicks on click boton for more information, Estefania enters 'Sabaneta' into set city, Estefania enters '055450' into set zip, Estefania clicks on click to the list country, Estefania clicks on set country, Estefania clicks on click boton for more information- devices, Estefania clicks on click to the list computers, Estefania clicks on set computer, Estefania clicks on click to the list version, Estefania clicks on set version, Estefania clicks on click to the list language]]
[Test worker] WARN net.thucydides.core.steps.BaseStepListener - stepStarted: net.thucydides.core.steps.ExecutedStepDescription@2e74ed0
[Test worker] WARN net.thucydides.core.steps.BaseStepListener - stepFinished: current outcome:Successful registration:Given that the user navigates to the registration page [Estefania open up [Estefania opens the Utest page], Estefania register [Estefania clicks on button showing registration form]], When enters his personal data [Estefania complete [Estefania enters 'estefania' into set name, Estefania enters 'henao' into set lastname, Estefania enters 'bijar38744@weishu8.com

' into set email, Estefania clicks on click to the list month, Estefania clicks on set birthMonth, Estefania clicks on click to the list day, Estefania clicks on set birthday, Estefania clicks on click to the list year, Estefania clicks on set birthyear, Estefania enters 'croata' into set languages, Estefania clicks on click boton for more information, Estefania enters 'Sabaneta' into set city, Estefania enters '055450' into set zip, Estefania clicks on click to the list country, Estefania clicks on set country, Estefania clicks on click boton for more information- devices, Estefania clicks on click to the list computers, Estefania clicks on set computer, Estefania clicks on click to the list version, Estefania clicks on set version, Estefania clicks on click to the list language, Estefania clicks on set language]]
[Test worker] WARN net.thucydides.core.steps.BaseStepListener - stepStarted: net.thucydides.core.steps.ExecutedStepDescription@32809fdd
[Test worker] WARN net.thucydides.core.steps.BaseStepListener - stepFinished: current outcome:Successful registration:Given that the user navigates to the registration page [Estefania open up [Estefania opens the Utest page], Estefania register [Estefania clicks on button showing registration form]], When enters his personal data [Estefania complete [Estefania enters 'estefania' into set name, Estefania enters 'henao' into set lastname, Estefania enters 'bijar38744@weishu8.com

' into set email, Estefania clicks on click to the list month, Estefania clicks on set birthMonth, Estefania clicks on click to the list day, Estefania clicks on set birthday, Estefania clicks on click to the list year, Estefania clicks on set birthyear, Estefania enters 'croata' into set languages, Estefania clicks on click boton for more information, Estefania enters 'Sabaneta' into set city, Estefania enters '055450' into set zip, Estefania clicks on click to the list country, Estefania clicks on set country, Estefania clicks on click boton for more information- devices, Estefania clicks on click to the list computers, Estefania clicks on set computer, Estefania clicks on click to the list version, Estefania clicks on set version, Estefania clicks on click to the list language, Estefania clicks on set language, Estefania clicks on click to the list moviles]]
[Test worker] WARN net.thucydides.core.steps.BaseStepListener - stepStarted: net.thucydides.core.steps.ExecutedStepDescription@26a42d76
[Test worker] WARN net.thucydides.core.steps.BaseStepListener - stepFinished: current outcome:Successful registration:Given that the user navigates to the registration page [Estefania open up [Estefania opens the Utest page], Estefania register [Estefania clicks on button showing registration form]], When enters his personal data [Estefania complete [Estefania enters 'estefania' into set name, Estefania enters 'henao' into set lastname, Estefania enters 'bijar38744@weishu8.com

' into set email, Estefania clicks on click to the list month, Estefania clicks on set birthMonth, Estefania clicks on click to the list day, Estefania clicks on set birthday, Estefania clicks on click to the list year, Estefania clicks on set birthyear, Estefania enters 'croata' into set languages, Estefania clicks on click boton for more information, Estefania enters 'Sabaneta' into set city, Estefania enters '055450' into set zip, Estefania clicks on click to the list country, Estefania clicks on set country, Estefania clicks on click boton for more information- devices, Estefania clicks on click to the list computers, Estefania clicks on set computer, Estefania clicks on click to the list version, Estefania clicks on set version, Estefania clicks on click to the list language, Estefania clicks on set language, Estefania clicks on click to the list moviles, Estefania clicks on set movil]]
[Test worker] WARN net.thucydides.core.steps.BaseStepListener - stepStarted: net.thucydides.core.steps.ExecutedStepDescription@41212d8d
[Test worker] WARN net.thucydides.core.steps.BaseStepListener - stepFinished: current outcome:Successful registration:Given that the user navigates to the registration page [Estefania open up [Estefania opens the Utest page], Estefania register [Estefania clicks on button showing registration form]], When enters his personal data [Estefania complete [Estefania enters 'estefania' into set name, Estefania enters 'henao' into set lastname, Estefania enters 'bijar38744@weishu8.com

' into set email, Estefania clicks on click to the list month, Estefania clicks on set birthMonth, Estefania clicks on click to the list day, Estefania clicks on set birthday, Estefania clicks on click to the list year, Estefania clicks on set birthyear, Estefania enters 'croata' into set languages, Estefania clicks on click boton for more information, Estefania enters 'Sabaneta' into set city, Estefania enters '055450' into set zip, Estefania clicks on click to the list country, Estefania clicks on set country, Estefania clicks on click boton for more information- devices, Estefania clicks on click to the list computers, Estefania clicks on set computer, Estefania clicks on click to the list version, Estefania clicks on set version, Estefania clicks on click to the list language, Estefania clicks on set language, Estefania clicks on click to the list moviles, Estefania clicks on set movil, Estefania clicks on click to the list models]]
[Test worker] WARN net.thucydides.core.steps.BaseStepListener - stepStarted: net.thucydides.core.steps.ExecutedStepDescription@5618d674
[Test worker] WARN net.thucydides.core.steps.BaseStepListener - stepFinished: current outcome:Successful registration:Given that the user navigates to the registration page [Estefania open up [Estefania opens the Utest page], Estefania register [Estefania clicks on button showing registration form]], When enters his personal data [Estefania complete [Estefania enters 'estefania' into set name, Estefania enters 'henao' into set lastname, Estefania enters 'bijar38744@weishu8.com

' into set email, Estefania clicks on click to the list month, Estefania clicks on set birthMonth, Estefania clicks on click to the list day, Estefania clicks on set birthday, Estefania clicks on click to the list year, Estefania clicks on set birthyear, Estefania enters 'croata' into set languages, Estefania clicks on click boton for more information, Estefania enters 'Sabaneta' into set city, Estefania enters '055450' into set zip, Estefania clicks on click to the list country, Estefania clicks on set country, Estefania clicks on click boton for more information- devices, Estefania clicks on click to the list computers, Estefania clicks on set computer, Estefania clicks on click to the list version, Estefania clicks on set version, Estefania clicks on click to the list language, Estefania clicks on set language, Estefania clicks on click to the list moviles, Estefania clicks on set movil, Estefania clicks on click to the list models, Estefania clicks on set model]]
[Test worker] WARN net.thucydides.core.steps.BaseStepListener - stepStarted: net.thucydides.core.steps.ExecutedStepDescription@3afea757
[Test worker] WARN net.thucydides.core.steps.BaseStepListener - stepFinished: current outcome:Successful registration:Given that the user navigates to the registration page [Estefania open up [Estefania opens the Utest page], Estefania register [Estefania clicks on button showing registration form]], When enters his personal data [Estefania complete [Estefania enters 'estefania' into set name, Estefania enters 'henao' into set lastname, Estefania enters 'bijar38744@weishu8.com

' into set email, Estefania clicks on click to the list month, Estefania clicks on set birthMonth, Estefania clicks on click to the list day, Estefania clicks on set birthday, Estefania clicks on click to the list year, Estefania clicks on set birthyear, Estefania enters 'croata' into set languages, Estefania clicks on click boton for more information, Estefania enters 'Sabaneta' into set city, Estefania enters '055450' into set zip, Estefania clicks on click to the list country, Estefania clicks on set country, Estefania clicks on click boton for more information- devices, Estefania clicks on click to the list computers, Estefania clicks on set computer, Estefania clicks on click to the list version, Estefania clicks on set version, Estefania clicks on click to the list language, Estefania clicks on set language, Estefania clicks on click to the list moviles, Estefania clicks on set movil, Estefania clicks on click to the list models, Estefania clicks on set model, Estefania clicks on click to the list operative systems]]
[Test worker] WARN net.thucydides.core.steps.BaseStepListener - stepStarted: net.thucydides.core.steps.ExecutedStepDescription@676794a7
[Test worker] WARN net.thucydides.core.steps.BaseStepListener - stepFinished: current outcome:Successful registration:Given that the user navigates to the registration page [Estefania open up [Estefania opens the Utest page], Estefania register [Estefania clicks on button showing registration form]], When enters his personal data [Estefania complete [Estefania enters 'estefania' into set name, Estefania enters 'henao' into set lastname, Estefania enters 'bijar38744@weishu8.com

' into set email, Estefania clicks on click to the list month, Estefania clicks on set birthMonth, Estefania clicks on click to the list day, Estefania clicks on set birthday, Estefania clicks on click to the list year, Estefania clicks on set birthyear, Estefania enters 'croata' into set languages, Estefania clicks on click boton for more information, Estefania enters 'Sabaneta' into set city, Estefania enters '055450' into set zip, Estefania clicks on click to the list country, Estefania clicks on set country, Estefania clicks on click boton for more information- devices, Estefania clicks on click to the list computers, Estefania clicks on set computer, Estefania clicks on click to the list version, Estefania clicks on set version, Estefania clicks on click to the list language, Estefania clicks on set language, Estefania clicks on click to the list moviles, Estefania clicks on set movil, Estefania clicks on click to the list models, Estefania clicks on set model, Estefania clicks on click to the list operative systems, Estefania clicks on set model operative system]]
[Test worker] WARN net.thucydides.core.steps.BaseStepListener - stepStarted: net.thucydides.core.steps.ExecutedStepDescription@1beea604
[Test worker] WARN net.thucydides.core.steps.BaseStepListener - stepFinished: current outcome:Successful registration:Given that the user navigates to the registration page [Estefania open up [Estefania opens the Utest page], Estefania register [Estefania clicks on button showing registration form]], When enters his personal data [Estefania complete [Estefania enters 'estefania' into set name, Estefania enters 'henao' into set lastname, Estefania enters 'bijar38744@weishu8.com

' into set email, Estefania clicks on click to the list month, Estefania clicks on set birthMonth, Estefania clicks on click to the list day, Estefania clicks on set birthday, Estefania clicks on click to the list year, Estefania clicks on set birthyear, Estefania enters 'croata' into set languages, Estefania clicks on click boton for more information, Estefania enters 'Sabaneta' into set city, Estefania enters '055450' into set zip, Estefania clicks on click to the list country, Estefania clicks on set country, Estefania clicks on click boton for more information- devices, Estefania clicks on click to the list computers, Estefania clicks on set computer, Estefania clicks on click to the list version, Estefania clicks on set version, Estefania clicks on click to the list language, Estefania clicks on set language, Estefania clicks on click to the list moviles, Estefania clicks on set movil, Estefania clicks on click to the list models, Estefania clicks on set model, Estefania clicks on click to the list operative systems, Estefania clicks on set model operative system, Estefania clicks on click boton last step]]
[Test worker] WARN net.thucydides.core.steps.BaseStepListener - stepStarted: net.thucydides.core.steps.ExecutedStepDescription@2ac03350
[Test worker] WARN net.thucydides.core.steps.BaseStepListener - stepFinished: current outcome:Successful registration:Given that the user navigates to the registration page [Estefania open up [Estefania opens the Utest page], Estefania register [Estefania clicks on button showing registration form]], When enters his personal data [Estefania complete [Estefania enters 'estefania' into set name, Estefania enters 'henao' into set lastname, Estefania enters 'bijar38744@weishu8.com

' into set email, Estefania clicks on click to the list month, Estefania clicks on set birthMonth, Estefania clicks on click to the list day, Estefania clicks on set birthday, Estefania clicks on click to the list year, Estefania clicks on set birthyear, Estefania enters 'croata' into set languages, Estefania clicks on click boton for more information, Estefania enters 'Sabaneta' into set city, Estefania enters '055450' into set zip, Estefania clicks on click to the list country, Estefania clicks on set country, Estefania clicks on click boton for more information- devices, Estefania clicks on click to the list computers, Estefania clicks on set computer, Estefania clicks on click to the list version, Estefania clicks on set version, Estefania clicks on click to the list language, Estefania clicks on set language, Estefania clicks on click to the list moviles, Estefania clicks on set movil, Estefania clicks on click to the list models, Estefania clicks on set model, Estefania clicks on click to the list operative systems, Estefania clicks on set model operative system, Estefania clicks on click boton last step, Estefania enters '12345Hec**ES123' into create to the new password]]
[Test worker] WARN net.thucydides.core.steps.BaseStepListener - stepStarted: net.thucydides.core.steps.ExecutedStepDescription@280aa88b
[Test worker] WARN net.thucydides.core.steps.BaseStepListener - stepFinished: current outcome:Successful registration:Given that the user navigates to the registration page [Estefania open up [Estefania opens the Utest page], Estefania register [Estefania clicks on button showing registration form]], When enters his personal data [Estefania complete [Estefania enters 'estefania' into set name, Estefania enters 'henao' into set lastname, Estefania enters 'bijar38744@weishu8.com

' into set email, Estefania clicks on click to the list month, Estefania clicks on set birthMonth, Estefania clicks on click to the list day, Estefania clicks on set birthday, Estefania clicks on click to the list year, Estefania clicks on set birthyear, Estefania enters 'croata' into set languages, Estefania clicks on click boton for more information, Estefania enters 'Sabaneta' into set city, Estefania enters '055450' into set zip, Estefania clicks on click to the list country, Estefania clicks on set country, Estefania clicks on click boton for more information- devices, Estefania clicks on click to the list computers, Estefania clicks on set computer, Estefania clicks on click to the list version, Estefania clicks on set version, Estefania clicks on click to the list language, Estefania clicks on set language, Estefania clicks on click to the list moviles, Estefania clicks on set movil, Estefania clicks on click to the list models, Estefania clicks on set model, Estefania clicks on click to the list operative systems, Estefania clicks on set model operative system, Estefania clicks on click boton last step, Estefania enters '12345Hec**ES123' into create to the new password, Estefania enters '12345Hec**ES123' into create to the new password]]
[Test worker] WARN net.thucydides.core.steps.BaseStepListener - stepStarted: net.thucydides.core.steps.ExecutedStepDescription@4880b5ef
[Test worker] WARN net.thucydides.core.steps.BaseStepListener - stepFinished: current outcome:Successful registration:Given that the user navigates to the registration page [Estefania open up [Estefania opens the Utest page], Estefania register [Estefania clicks on button showing registration form]], When enters his personal data [Estefania complete [Estefania enters 'estefania' into set name, Estefania enters 'henao' into set lastname, Estefania enters 'bijar38744@weishu8.com

' into set email, Estefania clicks on click to the list month, Estefania clicks on set birthMonth, Estefania clicks on click to the list day, Estefania clicks on set birthday, Estefania clicks on click to the list year, Estefania clicks on set birthyear, Estefania enters 'croata' into set languages, Estefania clicks on click boton for more information, Estefania enters 'Sabaneta' into set city, Estefania enters '055450' into set zip, Estefania clicks on click to the list country, Estefania clicks on set country, Estefania clicks on click boton for more information- devices, Estefania clicks on click to the list computers, Estefania clicks on set computer, Estefania clicks on click to the list version, Estefania clicks on set version, Estefania clicks on click to the list language, Estefania clicks on set language, Estefania clicks on click to the list moviles, Estefania clicks on set movil, Estefania clicks on click to the list models, Estefania clicks on set model, Estefania clicks on click to the list operative systems, Estefania clicks on set model operative system, Estefania clicks on click boton last step, Estefania enters '12345Hec**ES123' into create to the new password, Estefania enters '12345Hec**ES123' into create to the new password, Estefania clicks on click to the checkbox1]]
[Test worker] WARN net.thucydides.core.steps.BaseStepListener - stepStarted: net.thucydides.core.steps.ExecutedStepDescription@49331716
[Test worker] WARN net.thucydides.core.steps.BaseStepListener - stepFinished: current outcome:Successful registration:Given that the user navigates to the registration page [Estefania open up [Estefania opens the Utest page], Estefania register [Estefania clicks on button showing registration form]], When enters his personal data [Estefania complete [Estefania enters 'estefania' into set name, Estefania enters 'henao' into set lastname, Estefania enters 'bijar38744@weishu8.com

' into set email, Estefania clicks on click to the list month, Estefania clicks on set birthMonth, Estefania clicks on click to the list day, Estefania clicks on set birthday, Estefania clicks on click to the list year, Estefania clicks on set birthyear, Estefania enters 'croata' into set languages, Estefania clicks on click boton for more information, Estefania enters 'Sabaneta' into set city, Estefania enters '055450' into set zip, Estefania clicks on click to the list country, Estefania clicks on set country, Estefania clicks on click boton for more information- devices, Estefania clicks on click to the list computers, Estefania clicks on set computer, Estefania clicks on click to the list version, Estefania clicks on set version, Estefania clicks on click to the list language, Estefania clicks on set language, Estefania clicks on click to the list moviles, Estefania clicks on set movil, Estefania clicks on click to the list models, Estefania clicks on set model, Estefania clicks on click to the list operative systems, Estefania clicks on set model operative system, Estefania clicks on click boton last step, Estefania enters '12345Hec**ES123' into create to the new password, Estefania enters '12345Hec**ES123' into create to the new password, Estefania clicks on click to the checkbox1, Estefania clicks on click to the checkbox2]]
[Test worker] WARN net.thucydides.core.steps.BaseStepListener - stepStarted: net.thucydides.core.steps.ExecutedStepDescription@321901
[Test worker] WARN net.thucydides.core.steps.BaseStepListener - stepFinished: current outcome:Successful registration:Given that the user navigates to the registration page [Estefania open up [Estefania opens the Utest page], Estefania register [Estefania clicks on button showing registration form]], When enters his personal data [Estefania complete [Estefania enters 'estefania' into set name, Estefania enters 'henao' into set lastname, Estefania enters 'bijar38744@weishu8.com

' into set email, Estefania clicks on click to the list month, Estefania clicks on set birthMonth, Estefania clicks on click to the list day, Estefania clicks on set birthday, Estefania clicks on click to the list year, Estefania clicks on set birthyear, Estefania enters 'croata' into set languages, Estefania clicks on click boton for more information, Estefania enters 'Sabaneta' into set city, Estefania enters '055450' into set zip, Estefania clicks on click to the list country, Estefania clicks on set country, Estefania clicks on click boton for more information- devices, Estefania clicks on click to the list computers, Estefania clicks on set computer, Estefania clicks on click to the list version, Estefania clicks on set version, Estefania clicks on click to the list language, Estefania clicks on set language, Estefania clicks on click to the list moviles, Estefania clicks on set movil, Estefania clicks on click to the list models, Estefania clicks on set model, Estefania clicks on click to the list operative systems, Estefania clicks on set model operative system, Estefania clicks on click boton last step, Estefania enters '12345Hec**ES123' into create to the new password, Estefania enters '12345Hec**ES123' into create to the new password, Estefania clicks on click to the checkbox1, Estefania clicks on click to the checkbox2, Estefania clicks on click boton last step]]
[Test worker] WARN net.thucydides.core.steps.BaseStepListener - stepFinished: current outcome:Successful registration:Given that the user navigates to the registration page [Estefania open up [Estefania opens the Utest page], Estefania register [Estefania clicks on button showing registration form]], When enters his personal data [Estefania complete [Estefania enters 'estefania' into set name, Estefania enters 'henao' into set lastname, Estefania enters 'bijar38744@weishu8.com

' into set email, Estefania clicks on click to the list month, Estefania clicks on set birthMonth, Estefania clicks on click to the list day, Estefania clicks on set birthday, Estefania clicks on click to the list year, Estefania clicks on set birthyear, Estefania enters 'croata' into set languages, Estefania clicks on click boton for more information, Estefania enters 'Sabaneta' into set city, Estefania enters '055450' into set zip, Estefania clicks on click to the list country, Estefania clicks on set country, Estefania clicks on click boton for more information- devices, Estefania clicks on click to the list computers, Estefania clicks on set computer, Estefania clicks on click to the list version, Estefania clicks on set version, Estefania clicks on click to the list language, Estefania clicks on set language, Estefania clicks on click to the list moviles, Estefania clicks on set movil, Estefania clicks on click to the list models, Estefania clicks on set model, Estefania clicks on click to the list operative systems, Estefania clicks on set model operative system, Estefania clicks on click boton last step, Estefania enters '12345Hec**ES123' into create to the new password, Estefania enters '12345Hec**ES123' into create to the new password, Estefania clicks on click to the checkbox1, Estefania clicks on click to the checkbox2, Estefania clicks on click boton last step]]
[Test worker] WARN net.thucydides.core.steps.BaseStepListener - stepFinished: current outcome:Successful registration:Given that the user navigates to the registration page [Estefania open up [Estefania opens the Utest page], Estefania register [Estefania clicks on button showing registration form]], When enters his personal data [Estefania complete [Estefania enters 'estefania' into set name, Estefania enters 'henao' into set lastname, Estefania enters 'bijar38744@weishu8.com

' into set email, Estefania clicks on click to the list month, Estefania clicks on set birthMonth, Estefania clicks on click to the list day, Estefania clicks on set birthday, Estefania clicks on click to the list year, Estefania clicks on set birthyear, Estefania enters 'croata' into set languages, Estefania clicks on click boton for more information, Estefania enters 'Sabaneta' into set city, Estefania enters '055450' into set zip, Estefania clicks on click to the list country, Estefania clicks on set country, Estefania clicks on click boton for more information- devices, Estefania clicks on click to the list computers, Estefania clicks on set computer, Estefania clicks on click to the list version, Estefania clicks on set version, Estefania clicks on click to the list language, Estefania clicks on set language, Estefania clicks on click to the list moviles, Estefania clicks on set movil, Estefania clicks on click to the list models, Estefania clicks on set model, Estefania clicks on click to the list operative systems, Estefania clicks on set model operative system, Estefania clicks on click boton last step, Estefania enters '12345Hec**ES123' into create to the new password, Estefania enters '12345Hec**ES123' into create to the new password, Estefania clicks on click to the checkbox1, Estefania clicks on click to the checkbox2, Estefania clicks on click boton last step]]
[Test worker] WARN net.thucydides.core.steps.BaseStepListener - stepStarted: net.thucydides.core.steps.ExecutedStepDescription@5f274ce6
[Test worker] WARN net.thucydides.core.steps.BaseStepListener - stepStarted: net.thucydides.core.steps.ExecutedStepDescription@389dd25d
[Test worker] WARN net.thucydides.core.steps.BaseStepListener - stepStarted: net.thucydides.core.steps.ExecutedStepDescription@3c19e0e3
[Test worker] WARN net.thucydides.core.steps.BaseStepListener - stepFinished: current outcome:Successful registration:Given that the user navigates to the registration page [Estefania open up [Estefania opens the Utest page], Estefania register [Estefania clicks on button showing registration form]], When enters his personal data [Estefania complete [Estefania enters 'estefania' into set name, Estefania enters 'henao' into set lastname, Estefania enters 'bijar38744@weishu8.com

' into set email, Estefania clicks on click to the list month, Estefania clicks on set birthMonth, Estefania clicks on click to the list day, Estefania clicks on set birthday, Estefania clicks on click to the list year, Estefania clicks on set birthyear, Estefania enters 'croata' into set languages, Estefania clicks on click boton for more information, Estefania enters 'Sabaneta' into set city, Estefania enters '055450' into set zip, Estefania clicks on click to the list country, Estefania clicks on set country, Estefania clicks on click boton for more information- devices, Estefania clicks on click to the list computers, Estefania clicks on set computer, Estefania clicks on click to the list version, Estefania clicks on set version, Estefania clicks on click to the list language, Estefania clicks on set language, Estefania clicks on click to the list moviles, Estefania clicks on set movil, Estefania clicks on click to the list models, Estefania clicks on set model, Estefania clicks on click to the list operative systems, Estefania clicks on set model operative system, Estefania clicks on click boton last step, Estefania enters '12345Hec**ES123' into create to the new password, Estefania enters '12345Hec**ES123' into create to the new password, Estefania clicks on click to the checkbox1, Estefania clicks on click to the checkbox2, Estefania clicks on click boton last step]], And log in [Estefania log in [Estefania clicks on click log in]]
[Test worker] WARN net.thucydides.core.steps.BaseStepListener - stepStarted: net.thucydides.core.steps.ExecutedStepDescription@34a40d2a
[Test worker] WARN net.thucydides.core.steps.BaseStepListener - stepFinished: current outcome:Successful registration:Given that the user navigates to the registration page [Estefania open up [Estefania opens the Utest page], Estefania register [Estefania clicks on button showing registration form]], When enters his personal data [Estefania complete [Estefania enters 'estefania' into set name, Estefania enters 'henao' into set lastname, Estefania enters 'bijar38744@weishu8.com

' into set email, Estefania clicks on click to the list month, Estefania clicks on set birthMonth, Estefania clicks on click to the list day, Estefania clicks on set birthday, Estefania clicks on click to the list year, Estefania clicks on set birthyear, Estefania enters 'croata' into set languages, Estefania clicks on click boton for more information, Estefania enters 'Sabaneta' into set city, Estefania enters '055450' into set zip, Estefania clicks on click to the list country, Estefania clicks on set country, Estefania clicks on click boton for more information- devices, Estefania clicks on click to the list computers, Estefania clicks on set computer, Estefania clicks on click to the list version, Estefania clicks on set version, Estefania clicks on click to the list language, Estefania clicks on set language, Estefania clicks on click to the list moviles, Estefania clicks on set movil, Estefania clicks on click to the list models, Estefania clicks on set model, Estefania clicks on click to the list operative systems, Estefania clicks on set model operative system, Estefania clicks on click boton last step, Estefania enters '12345Hec**ES123' into create to the new password, Estefania enters '12345Hec**ES123' into create to the new password, Estefania clicks on click to the checkbox1, Estefania clicks on click to the checkbox2, Estefania clicks on click boton last step]], And log in [Estefania log in [Estefania clicks on click log in, Estefania enters 'bijar38744@weishu8.com' into set email]]
[Test worker] WARN net.thucydides.core.steps.BaseStepListener - stepStarted: net.thucydides.core.steps.ExecutedStepDescription@319e62f4
[Test worker] WARN net.thucydides.core.steps.BaseStepListener - stepFinished: current outcome:Successful registration:Given that the user navigates to the registration page [Estefania open up [Estefania opens the Utest page], Estefania register [Estefania clicks on button showing registration form]], When enters his personal data [Estefania complete [Estefania enters 'estefania' into set name, Estefania enters 'henao' into set lastname, Estefania enters 'bijar38744@weishu8.com

' into set email, Estefania clicks on click to the list month, Estefania clicks on set birthMonth, Estefania clicks on click to the list day, Estefania clicks on set birthday, Estefania clicks on click to the list year, Estefania clicks on set birthyear, Estefania enters 'croata' into set languages, Estefania clicks on click boton for more information, Estefania enters 'Sabaneta' into set city, Estefania enters '055450' into set zip, Estefania clicks on click to the list country, Estefania clicks on set country, Estefania clicks on click boton for more information- devices, Estefania clicks on click to the list computers, Estefania clicks on set computer, Estefania clicks on click to the list version, Estefania clicks on set version, Estefania clicks on click to the list language, Estefania clicks on set language, Estefania clicks on click to the list moviles, Estefania clicks on set movil, Estefania clicks on click to the list models, Estefania clicks on set model, Estefania clicks on click to the list operative systems, Estefania clicks on set model operative system, Estefania clicks on click boton last step, Estefania enters '12345Hec**ES123' into create to the new password, Estefania enters '12345Hec**ES123' into create to the new password, Estefania clicks on click to the checkbox1, Estefania clicks on click to the checkbox2, Estefania clicks on click boton last step]], And log in [Estefania log in [Estefania clicks on click log in, Estefania enters 'bijar38744@weishu8.com' into set email, Estefania enters '12345Hec**ES123' into set the password]]
[Test worker] WARN net.thucydides.core.steps.BaseStepListener - stepStarted: net.thucydides.core.steps.ExecutedStepDescription@7cfed1a2
[Test worker] WARN net.thucydides.core.steps.BaseStepListener - stepFinished: current outcome:Successful registration:Given that the user navigates to the registration page [Estefania open up [Estefania opens the Utest page], Estefania register [Estefania clicks on button showing registration form]], When enters his personal data [Estefania complete [Estefania enters 'estefania' into set name, Estefania enters 'henao' into set lastname, Estefania enters 'bijar38744@weishu8.com

' into set email, Estefania clicks on click to the list month, Estefania clicks on set birthMonth, Estefania clicks on click to the list day, Estefania clicks on set birthday, Estefania clicks on click to the list year, Estefania clicks on set birthyear, Estefania enters 'croata' into set languages, Estefania clicks on click boton for more information, Estefania enters 'Sabaneta' into set city, Estefania enters '055450' into set zip, Estefania clicks on click to the list country, Estefania clicks on set country, Estefania clicks on click boton for more information- devices, Estefania clicks on click to the list computers, Estefania clicks on set computer, Estefania clicks on click to the list version, Estefania clicks on set version, Estefania clicks on click to the list language, Estefania clicks on set language, Estefania clicks on click to the list moviles, Estefania clicks on set movil, Estefania clicks on click to the list models, Estefania clicks on set model, Estefania clicks on click to the list operative systems, Estefania clicks on set model operative system, Estefania clicks on click boton last step, Estefania enters '12345Hec**ES123' into create to the new password, Estefania enters '12345Hec**ES123' into create to the new password, Estefania clicks on click to the checkbox1, Estefania clicks on click to the checkbox2, Estefania clicks on click boton last step]], And log in [Estefania log in [Estefania clicks on click log in, Estefania enters 'bijar38744@weishu8.com' into set email, Estefania enters '12345Hec**ES123' into set the password, Estefania clicks on click sing in]]
[Test worker] WARN net.thucydides.core.steps.BaseStepListener - stepFinished: current outcome:Successful registration:Given that the user navigates to the registration page [Estefania open up [Estefania opens the Utest page], Estefania register [Estefania clicks on button showing registration form]], When enters his personal data [Estefania complete [Estefania enters 'estefania' into set name, Estefania enters 'henao' into set lastname, Estefania enters 'bijar38744@weishu8.com

' into set email, Estefania clicks on click to the list month, Estefania clicks on set birthMonth, Estefania clicks on click to the list day, Estefania clicks on set birthday, Estefania clicks on click to the list year, Estefania clicks on set birthyear, Estefania enters 'croata' into set languages, Estefania clicks on click boton for more information, Estefania enters 'Sabaneta' into set city, Estefania enters '055450' into set zip, Estefania clicks on click to the list country, Estefania clicks on set country, Estefania clicks on click boton for more information- devices, Estefania clicks on click to the list computers, Estefania clicks on set computer, Estefania clicks on click to the list version, Estefania clicks on set version, Estefania clicks on click to the list language, Estefania clicks on set language, Estefania clicks on click to the list moviles, Estefania clicks on set movil, Estefania clicks on click to the list models, Estefania clicks on set model, Estefania clicks on click to the list operative systems, Estefania clicks on set model operative system, Estefania clicks on click boton last step, Estefania enters '12345Hec**ES123' into create to the new password, Estefania enters '12345Hec**ES123' into create to the new password, Estefania clicks on click to the checkbox1, Estefania clicks on click to the checkbox2, Estefania clicks on click boton last step]], And log in [Estefania log in [Estefania clicks on click log in, Estefania enters 'bijar38744@weishu8.com' into set email, Estefania enters '12345Hec**ES123' into set the password, Estefania clicks on click sing in]]
[Test worker] WARN net.thucydides.core.steps.BaseStepListener - stepFinished: current outcome:Successful registration:Given that the user navigates to the registration page [Estefania open up [Estefania opens the Utest page], Estefania register [Estefania clicks on button showing registration form]], When enters his personal data [Estefania complete [Estefania enters 'estefania' into set name, Estefania enters 'henao' into set lastname, Estefania enters 'bijar38744@weishu8.com

' into set email, Estefania clicks on click to the list month, Estefania clicks on set birthMonth, Estefania clicks on click to the list day, Estefania clicks on set birthday, Estefania clicks on click to the list year, Estefania clicks on set birthyear, Estefania enters 'croata' into set languages, Estefania clicks on click boton for more information, Estefania enters 'Sabaneta' into set city, Estefania enters '055450' into set zip, Estefania clicks on click to the list country, Estefania clicks on set country, Estefania clicks on click boton for more information- devices, Estefania clicks on click to the list computers, Estefania clicks on set computer, Estefania clicks on click to the list version, Estefania clicks on set version, Estefania clicks on click to the list language, Estefania clicks on set language, Estefania clicks on click to the list moviles, Estefania clicks on set movil, Estefania clicks on click to the list models, Estefania clicks on set model, Estefania clicks on click to the list operative systems, Estefania clicks on set model operative system, Estefania clicks on click boton last step, Estefania enters '12345Hec**ES123' into create to the new password, Estefania enters '12345Hec**ES123' into create to the new password, Estefania clicks on click to the checkbox1, Estefania clicks on click to the checkbox2, Estefania clicks on click boton last step]], And log in [Estefania log in [Estefania clicks on click log in, Estefania enters 'bijar38744@weishu8.com' into set email, Estefania enters '12345Hec**ES123' into set the password, Estefania clicks on click sing in]]
[Test worker] WARN net.thucydides.core.steps.BaseStepListener - stepStarted: net.thucydides.core.steps.ExecutedStepDescription@36590a78
[Test worker] WARN net.thucydides.core.steps.BaseStepListener - stepFinished: current outcome:Successful registration:Given that the user navigates to the registration page [Estefania open up [Estefania opens the Utest page], Estefania register [Estefania clicks on button showing registration form]], When enters his personal data [Estefania complete [Estefania enters 'estefania' into set name, Estefania enters 'henao' into set lastname, Estefania enters 'bijar38744@weishu8.com

' into set email, Estefania clicks on click to the list month, Estefania clicks on set birthMonth, Estefania clicks on click to the list day, Estefania clicks on set birthday, Estefania clicks on click to the list year, Estefania clicks on set birthyear, Estefania enters 'croata' into set languages, Estefania clicks on click boton for more information, Estefania enters 'Sabaneta' into set city, Estefania enters '055450' into set zip, Estefania clicks on click to the list country, Estefania clicks on set country, Estefania clicks on click boton for more information- devices, Estefania clicks on click to the list computers, Estefania clicks on set computer, Estefania clicks on click to the list version, Estefania clicks on set version, Estefania clicks on click to the list language, Estefania clicks on set language, Estefania clicks on click to the list moviles, Estefania clicks on set movil, Estefania clicks on click to the list models, Estefania clicks on set model, Estefania clicks on click to the list operative systems, Estefania clicks on set model operative system, Estefania clicks on click boton last step, Estefania enters '12345Hec**ES123' into create to the new password, Estefania enters '12345Hec**ES123' into create to the new password, Estefania clicks on click to the checkbox1, Estefania clicks on click to the checkbox2, Estefania clicks on click boton last step]], And log in [Estefania log in [Estefania clicks on click log in, Estefania enters 'bijar38744@weishu8.com' into set email, Estefania enters '12345Hec**ES123' into set the password, Estefania clicks on click sing in]], Then the user can see a message to confirm his email
[Test worker] WARN net.thucydides.core.steps.BaseStepListener - testFinished: Successful registration:Given that the user navigates to the registration page [Estefania open up [Estefania opens the Utest page], Estefania register [Estefania clicks on button showing registration form]], When enters his personal data [Estefania complete [Estefania enters 'estefania' into set name, Estefania enters 'henao' into set lastname, Estefania enters 'bijar38744@weishu8.com

' into set email, Estefania clicks on click to the list month, Estefania clicks on set birthMonth, Estefania clicks on click to the list day, Estefania clicks on set birthday, Estefania clicks on click to the list year, Estefania clicks on set birthyear, Estefania enters 'croata' into set languages, Estefania clicks on click boton for more information, Estefania enters 'Sabaneta' into set city, Estefania enters '055450' into set zip, Estefania clicks on click to the list country, Estefania clicks on set country, Estefania clicks on click boton for more information- devices, Estefania clicks on click to the list computers, Estefania clicks on set computer, Estefania clicks on click to the list version, Estefania clicks on set version, Estefania clicks on click to the list language, Estefania clicks on set language, Estefania clicks on click to the list moviles, Estefania clicks on set movil, Estefania clicks on click to the list models, Estefania clicks on set model, Estefania clicks on click to the list operative systems, Estefania clicks on set model operative system, Estefania clicks on click boton last step, Estefania enters '12345Hec**ES123' into create to the new password, Estefania enters '12345Hec**ES123' into create to the new password, Estefania clicks on click to the checkbox1, Estefania clicks on click to the checkbox2, Estefania clicks on click boton last step]], And log in [Estefania log in [Estefania clicks on click log in, Estefania enters 'bijar38744@weishu8.com' into set email, Estefania enters '12345Hec**ES123' into set the password, Estefania clicks on click sing in]], Then the user can see a message to confirm his email
[Test worker] WARN net.thucydides.core.steps.BaseStepListener - TestOutcomes: [Successful registration:Given that the user navigates to the registration page [Estefania open up [Estefania opens the Utest page], Estefania register [Estefania clicks on button showing registration form]], When enters his personal data [Estefania complete [Estefania enters 'estefania' into set name, Estefania enters 'henao' into set lastname, Estefania enters 'bijar38744@weishu8.com

' into set email, Estefania clicks on click to the list month, Estefania clicks on set birthMonth, Estefania clicks on click to the list day, Estefania clicks on set birthday, Estefania clicks on click to the list year, Estefania clicks on set birthyear, Estefania enters 'croata' into set languages, Estefania clicks on click boton for more information, Estefania enters 'Sabaneta' into set city, Estefania enters '055450' into set zip, Estefania clicks on click to the list country, Estefania clicks on set country, Estefania clicks on click boton for more information- devices, Estefania clicks on click to the list computers, Estefania clicks on set computer, Estefania clicks on click to the list version, Estefania clicks on set version, Estefania clicks on click to the list language, Estefania clicks on set language, Estefania clicks on click to the list moviles, Estefania clicks on set movil, Estefania clicks on click to the list models, Estefania clicks on set model, Estefania clicks on click to the list operative systems, Estefania clicks on set model operative system, Estefania clicks on click boton last step, Estefania enters '12345Hec**ES123' into create to the new password, Estefania enters '12345Hec**ES123' into create to the new password, Estefania clicks on click to the checkbox1, Estefania clicks on click to the checkbox2, Estefania clicks on click boton last step]], And log in [Estefania log in [Estefania clicks on click log in, Estefania enters 'bijar38744@weishu8.com' into set email, Estefania enters '12345Hec**ES123' into set the password, Estefania clicks on click sing in]], Then the user can see a message to confirm his email]
[Test worker] WARN net.thucydides.core.steps.BaseStepListener - Final testOutcomes: [Successful registration:Given that the user navigates to the registration page [Estefania open up [Estefania opens the Utest page], Estefania register [Estefania clicks on button showing registration form]], When enters his personal data [Estefania complete [Estefania enters 'estefania' into set name, Estefania enters 'henao' into set lastname, Estefania enters 'bijar38744@weishu8.com

' into set email, Estefania clicks on click to the list month, Estefania clicks on set birthMonth, Estefania clicks on click to the list day, Estefania clicks on set birthday, Estefania clicks on click to the list year, Estefania clicks on set birthyear, Estefania enters 'croata' into set languages, Estefania clicks on click boton for more information, Estefania enters 'Sabaneta' into set city, Estefania enters '055450' into set zip, Estefania clicks on click to the list country, Estefania clicks on set country, Estefania clicks on click boton for more information- devices, Estefania clicks on click to the list computers, Estefania clicks on set computer, Estefania clicks on click to the list version, Estefania clicks on set version, Estefania clicks on click to the list language, Estefania clicks on set language, Estefania clicks on click to the list moviles, Estefania clicks on set movil, Estefania clicks on click to the list models, Estefania clicks on set model, Estefania clicks on click to the list operative systems, Estefania clicks on set model operative system, Estefania clicks on click boton last step, Estefania enters '12345Hec**ES123' into create to the new password, Estefania enters '12345Hec**ES123' into create to the new password, Estefania clicks on click to the checkbox1, Estefania clicks on click to the checkbox2, Estefania clicks on click boton last step]], And log in [Estefania log in [Estefania clicks on click log in, Estefania enters 'bijar38744@weishu8.com' into set email, Estefania enters '12345Hec**ES123' into set the password, Estefania clicks on click sing in]], Then the user can see a message to confirm his email]
[Test worker] INFO net.thucydides.core.steps.ConsoleLoggingListener - 
        __    _____ _____ ____ _____   ____   _    ____  ____  _____ ____  
  _     \ \  |_   _| ____/ ___|_   _| |  _ \ / \  / ___|/ ___|| ____|  _ \ 
 (_)_____| |   | | |  _| \___ \ | |   | |_) / _ \ \___ \\___ \|  _| | | | |
  _|_____| |   | | | |___ ___) || |   |  __/ ___ \ ___) |___) | |___| |_| |
 (_)     | |   |_| |_____|____/ |_|   |_| /_/   \_\____/|____/|_____|____/ 
        /_/                                                                

TEST PASSED: Successful registration
----------------------------------------------------------------------------
]]></system-err>
</testsuite>
